0 info it worked if it ends with ok
1 verbose cli [ '/usr/local/bin/node',
1 verbose cli   '/usr/local/bin/npm',
1 verbose cli   'install',
1 verbose cli   'express-generator',
1 verbose cli   '-g' ]
2 info using npm@3.10.10
3 info using node@v6.10.2
4 silly loadCurrentTree Starting
5 silly install loadCurrentTree
6 silly install readGlobalPackageData
7 silly fetchPackageMetaData express-generator
8 silly fetchNamedPackageData express-generator
9 silly mapToRegistry name express-generator
10 silly mapToRegistry using default registry
11 silly mapToRegistry registry https://registry.npmjs.org/
12 silly mapToRegistry data Result {
12 silly mapToRegistry   raw: 'express-generator',
12 silly mapToRegistry   scope: null,
12 silly mapToRegistry   escapedName: 'express-generator',
12 silly mapToRegistry   name: 'express-generator',
12 silly mapToRegistry   rawSpec: '',
12 silly mapToRegistry   spec: 'latest',
12 silly mapToRegistry   type: 'tag' }
13 silly mapToRegistry uri https://registry.npmjs.org/express-generator
14 verbose request uri https://registry.npmjs.org/express-generator
15 verbose request no auth needed
16 info attempt registry request try #1 at 10:19:51 AM
17 verbose request id 2d125b9870c6dc2c
18 http request GET https://registry.npmjs.org/express-generator
19 http 200 https://registry.npmjs.org/express-generator
20 verbose headers { server: 'nginx/1.10.3',
20 verbose headers   'content-type': 'application/json',
20 verbose headers   'last-modified': 'Thu, 20 Apr 2017 06:04:33 GMT',
20 verbose headers   etag: 'W/"58f84f71-9eab"',
20 verbose headers   'content-encoding': 'gzip',
20 verbose headers   'cache-control': 'max-age=300',
20 verbose headers   'content-length': '4751',
20 verbose headers   'accept-ranges': 'bytes',
20 verbose headers   date: 'Mon, 01 May 2017 01:19:52 GMT',
20 verbose headers   via: '1.1 varnish',
20 verbose headers   age: '0',
20 verbose headers   connection: 'keep-alive',
20 verbose headers   'x-served-by': 'cache-lax8644-LAX',
20 verbose headers   'x-cache': 'HIT',
20 verbose headers   'x-cache-hits': '1',
20 verbose headers   'x-timer': 'S1493601592.490677,VS0,VE159',
20 verbose headers   vary: 'Accept-Encoding' }
21 silly get cb [ 200,
21 silly get   { server: 'nginx/1.10.3',
21 silly get     'content-type': 'application/json',
21 silly get     'last-modified': 'Thu, 20 Apr 2017 06:04:33 GMT',
21 silly get     etag: 'W/"58f84f71-9eab"',
21 silly get     'content-encoding': 'gzip',
21 silly get     'cache-control': 'max-age=300',
21 silly get     'content-length': '4751',
21 silly get     'accept-ranges': 'bytes',
21 silly get     date: 'Mon, 01 May 2017 01:19:52 GMT',
21 silly get     via: '1.1 varnish',
21 silly get     age: '0',
21 silly get     connection: 'keep-alive',
21 silly get     'x-served-by': 'cache-lax8644-LAX',
21 silly get     'x-cache': 'HIT',
21 silly get     'x-cache-hits': '1',
21 silly get     'x-timer': 'S1493601592.490677,VS0,VE159',
21 silly get     vary: 'Accept-Encoding' } ]
22 verbose get saving express-generator to /Users/yong/.npm/registry.npmjs.org/express-generator/.cache.json
23 verbose correctMkdir /Users/yong/.npm correctMkdir not in flight; initializing
24 silly install normalizeTree
25 silly loadCurrentTree Finishing
26 silly loadIdealTree Starting
27 silly install loadIdealTree
28 silly cloneCurrentTree Starting
29 silly install cloneCurrentTreeToIdealTree
30 silly cloneCurrentTree Finishing
31 silly loadShrinkwrap Starting
32 silly install loadShrinkwrap
33 silly loadShrinkwrap Finishing
34 silly loadAllDepsIntoIdealTree Starting
35 silly install loadAllDepsIntoIdealTree
36 silly resolveWithNewModule express-generator@4.15.0 checking installable status
37 silly cache add args [ 'express-generator', null ]
38 verbose cache add spec express-generator
39 silly cache add parsed spec Result {
39 silly cache add   raw: 'express-generator',
39 silly cache add   scope: null,
39 silly cache add   escapedName: 'express-generator',
39 silly cache add   name: 'express-generator',
39 silly cache add   rawSpec: '',
39 silly cache add   spec: 'latest',
39 silly cache add   type: 'tag' }
40 silly addNamed express-generator@latest
41 verbose addNamed "latest" is being treated as a dist-tag for express-generator
42 info addNameTag [ 'express-generator', 'latest' ]
43 silly mapToRegistry name express-generator
44 silly mapToRegistry using default registry
45 silly mapToRegistry registry https://registry.npmjs.org/
46 silly mapToRegistry data Result {
46 silly mapToRegistry   raw: 'express-generator',
46 silly mapToRegistry   scope: null,
46 silly mapToRegistry   escapedName: 'express-generator',
46 silly mapToRegistry   name: 'express-generator',
46 silly mapToRegistry   rawSpec: '',
46 silly mapToRegistry   spec: 'latest',
46 silly mapToRegistry   type: 'tag' }
47 silly mapToRegistry uri https://registry.npmjs.org/express-generator
48 verbose addNameTag registry:https://registry.npmjs.org/express-generator not in flight; fetching
49 verbose get https://registry.npmjs.org/express-generator not expired, no request
50 silly addNameTag next cb for express-generator with tag latest
51 silly addNamed express-generator@4.15.0
52 verbose addNamed "4.15.0" is a plain semver version for express-generator
53 silly mapToRegistry name express-generator
54 silly mapToRegistry using default registry
55 silly mapToRegistry registry https://registry.npmjs.org/
56 silly mapToRegistry data Result {
56 silly mapToRegistry   raw: 'express-generator',
56 silly mapToRegistry   scope: null,
56 silly mapToRegistry   escapedName: 'express-generator',
56 silly mapToRegistry   name: 'express-generator',
56 silly mapToRegistry   rawSpec: '',
56 silly mapToRegistry   spec: 'latest',
56 silly mapToRegistry   type: 'tag' }
57 silly mapToRegistry uri https://registry.npmjs.org/express-generator
58 verbose addRemoteTarball https://registry.npmjs.org/express-generator/-/express-generator-4.15.0.tgz not in flight; adding
59 verbose addRemoteTarball [ 'https://registry.npmjs.org/express-generator/-/express-generator-4.15.0.tgz',
59 verbose addRemoteTarball   '81ba5ca8db9ceeaee281a08f5ad5c3f472430006' ]
60 info retry fetch attempt 1 at 10:19:52 AM
61 info attempt registry request try #1 at 10:19:52 AM
62 http fetch GET https://registry.npmjs.org/express-generator/-/express-generator-4.15.0.tgz
63 http fetch 200 https://registry.npmjs.org/express-generator/-/express-generator-4.15.0.tgz
64 silly fetchAndShaCheck shasum 81ba5ca8db9ceeaee281a08f5ad5c3f472430006
65 verbose addTmpTarball /tmp/npm-20269-b621a322/registry.npmjs.org/express-generator/-/express-generator-4.15.0.tgz not in flight; adding
66 verbose addTmpTarball already have metadata; skipping unpack for express-generator@4.15.0
67 verbose correctMkdir /Users/yong/.npm correctMkdir not in flight; initializing
68 silly cache afterAdd express-generator@4.15.0
69 verbose afterAdd /Users/yong/.npm/express-generator/4.15.0/package/package.json not in flight; writing
70 verbose correctMkdir /Users/yong/.npm correctMkdir not in flight; initializing
71 verbose afterAdd /Users/yong/.npm/express-generator/4.15.0/package/package.json written
72 silly fetchNamedPackageData commander
73 silly mapToRegistry name commander
74 silly mapToRegistry using default registry
75 silly mapToRegistry registry https://registry.npmjs.org/
76 silly mapToRegistry data Result {
76 silly mapToRegistry   raw: 'commander',
76 silly mapToRegistry   scope: null,
76 silly mapToRegistry   escapedName: 'commander',
76 silly mapToRegistry   name: 'commander',
76 silly mapToRegistry   rawSpec: '',
76 silly mapToRegistry   spec: 'latest',
76 silly mapToRegistry   type: 'tag' }
77 silly mapToRegistry uri https://registry.npmjs.org/commander
78 silly fetchNamedPackageData ejs
79 silly mapToRegistry name ejs
80 silly mapToRegistry using default registry
81 silly mapToRegistry registry https://registry.npmjs.org/
82 silly mapToRegistry data Result {
82 silly mapToRegistry   raw: 'ejs',
82 silly mapToRegistry   scope: null,
82 silly mapToRegistry   escapedName: 'ejs',
82 silly mapToRegistry   name: 'ejs',
82 silly mapToRegistry   rawSpec: '',
82 silly mapToRegistry   spec: 'latest',
82 silly mapToRegistry   type: 'tag' }
83 silly mapToRegistry uri https://registry.npmjs.org/ejs
84 silly fetchNamedPackageData mkdirp
85 silly mapToRegistry name mkdirp
86 silly mapToRegistry using default registry
87 silly mapToRegistry registry https://registry.npmjs.org/
88 silly mapToRegistry data Result {
88 silly mapToRegistry   raw: 'mkdirp',
88 silly mapToRegistry   scope: null,
88 silly mapToRegistry   escapedName: 'mkdirp',
88 silly mapToRegistry   name: 'mkdirp',
88 silly mapToRegistry   rawSpec: '',
88 silly mapToRegistry   spec: 'latest',
88 silly mapToRegistry   type: 'tag' }
89 silly mapToRegistry uri https://registry.npmjs.org/mkdirp
90 silly fetchNamedPackageData sorted-object
91 silly mapToRegistry name sorted-object
92 silly mapToRegistry using default registry
93 silly mapToRegistry registry https://registry.npmjs.org/
94 silly mapToRegistry data Result {
94 silly mapToRegistry   raw: 'sorted-object',
94 silly mapToRegistry   scope: null,
94 silly mapToRegistry   escapedName: 'sorted-object',
94 silly mapToRegistry   name: 'sorted-object',
94 silly mapToRegistry   rawSpec: '',
94 silly mapToRegistry   spec: 'latest',
94 silly mapToRegistry   type: 'tag' }
95 silly mapToRegistry uri https://registry.npmjs.org/sorted-object
96 verbose request uri https://registry.npmjs.org/ejs
97 verbose request no auth needed
98 info attempt registry request try #1 at 10:19:53 AM
99 http request GET https://registry.npmjs.org/ejs
100 verbose request uri https://registry.npmjs.org/sorted-object
101 verbose request no auth needed
102 info attempt registry request try #1 at 10:19:53 AM
103 http request GET https://registry.npmjs.org/sorted-object
104 verbose request uri https://registry.npmjs.org/mkdirp
105 verbose request no auth needed
106 info attempt registry request try #1 at 10:19:53 AM
107 verbose etag W/"5903ef53-6370"
108 verbose lastModified Sat, 29 Apr 2017 01:41:39 GMT
109 http request GET https://registry.npmjs.org/mkdirp
110 verbose request uri https://registry.npmjs.org/commander
111 verbose request no auth needed
112 info attempt registry request try #1 at 10:19:53 AM
113 verbose etag W/"59019591-10322"
114 verbose lastModified Thu, 27 Apr 2017 06:54:09 GMT
115 http request GET https://registry.npmjs.org/commander
116 http 200 https://registry.npmjs.org/ejs
117 verbose headers { server: 'nginx/1.10.3',
117 verbose headers   'content-type': 'application/json',
117 verbose headers   'last-modified': 'Thu, 27 Apr 2017 12:56:09 GMT',
117 verbose headers   etag: 'W/"5901ea69-109fd"',
117 verbose headers   'content-encoding': 'gzip',
117 verbose headers   'cache-control': 'max-age=300',
117 verbose headers   'content-length': '10782',
117 verbose headers   'accept-ranges': 'bytes',
117 verbose headers   date: 'Mon, 01 May 2017 01:19:53 GMT',
117 verbose headers   via: '1.1 varnish',
117 verbose headers   age: '121',
117 verbose headers   connection: 'keep-alive',
117 verbose headers   'x-served-by': 'cache-lax8644-LAX',
117 verbose headers   'x-cache': 'HIT',
117 verbose headers   'x-cache-hits': '1',
117 verbose headers   'x-timer': 'S1493601593.224977,VS0,VE1',
117 verbose headers   vary: 'Accept-Encoding' }
118 silly get cb [ 200,
118 silly get   { server: 'nginx/1.10.3',
118 silly get     'content-type': 'application/json',
118 silly get     'last-modified': 'Thu, 27 Apr 2017 12:56:09 GMT',
118 silly get     etag: 'W/"5901ea69-109fd"',
118 silly get     'content-encoding': 'gzip',
118 silly get     'cache-control': 'max-age=300',
118 silly get     'content-length': '10782',
118 silly get     'accept-ranges': 'bytes',
118 silly get     date: 'Mon, 01 May 2017 01:19:53 GMT',
118 silly get     via: '1.1 varnish',
118 silly get     age: '121',
118 silly get     connection: 'keep-alive',
118 silly get     'x-served-by': 'cache-lax8644-LAX',
118 silly get     'x-cache': 'HIT',
118 silly get     'x-cache-hits': '1',
118 silly get     'x-timer': 'S1493601593.224977,VS0,VE1',
118 silly get     vary: 'Accept-Encoding' } ]
119 verbose get saving ejs to /Users/yong/.npm/registry.npmjs.org/ejs/.cache.json
120 verbose correctMkdir /Users/yong/.npm correctMkdir not in flight; initializing
121 silly resolveWithNewModule ejs@2.5.6 checking installable status
122 silly cache add args [ 'ejs@2.5.6', null ]
123 verbose cache add spec ejs@2.5.6
124 silly cache add parsed spec Result {
124 silly cache add   raw: 'ejs@2.5.6',
124 silly cache add   scope: null,
124 silly cache add   escapedName: 'ejs',
124 silly cache add   name: 'ejs',
124 silly cache add   rawSpec: '2.5.6',
124 silly cache add   spec: '2.5.6',
124 silly cache add   type: 'version' }
125 silly addNamed ejs@2.5.6
126 verbose addNamed "2.5.6" is a plain semver version for ejs
127 silly mapToRegistry name ejs
128 silly mapToRegistry using default registry
129 silly mapToRegistry registry https://registry.npmjs.org/
130 silly mapToRegistry data Result {
130 silly mapToRegistry   raw: 'ejs',
130 silly mapToRegistry   scope: null,
130 silly mapToRegistry   escapedName: 'ejs',
130 silly mapToRegistry   name: 'ejs',
130 silly mapToRegistry   rawSpec: '',
130 silly mapToRegistry   spec: 'latest',
130 silly mapToRegistry   type: 'tag' }
131 silly mapToRegistry uri https://registry.npmjs.org/ejs
132 verbose addNameVersion registry:https://registry.npmjs.org/ejs not in flight; fetching
133 verbose get https://registry.npmjs.org/ejs not expired, no request
134 silly mapToRegistry name ejs
135 silly mapToRegistry using default registry
136 silly mapToRegistry registry https://registry.npmjs.org/
137 silly mapToRegistry data Result {
137 silly mapToRegistry   raw: 'ejs',
137 silly mapToRegistry   scope: null,
137 silly mapToRegistry   escapedName: 'ejs',
137 silly mapToRegistry   name: 'ejs',
137 silly mapToRegistry   rawSpec: '',
137 silly mapToRegistry   spec: 'latest',
137 silly mapToRegistry   type: 'tag' }
138 silly mapToRegistry uri https://registry.npmjs.org/ejs
139 verbose addRemoteTarball https://registry.npmjs.org/ejs/-/ejs-2.5.6.tgz not in flight; adding
140 verbose addRemoteTarball [ 'https://registry.npmjs.org/ejs/-/ejs-2.5.6.tgz',
140 verbose addRemoteTarball   '479636bfa3fe3b1debd52087f0acb204b4f19c88' ]
141 info retry fetch attempt 1 at 10:19:53 AM
142 info attempt registry request try #1 at 10:19:53 AM
143 http fetch GET https://registry.npmjs.org/ejs/-/ejs-2.5.6.tgz
144 http fetch 200 https://registry.npmjs.org/ejs/-/ejs-2.5.6.tgz
145 http 304 https://registry.npmjs.org/commander
146 verbose headers { date: 'Mon, 01 May 2017 01:19:53 GMT',
146 verbose headers   via: '1.1 varnish',
146 verbose headers   'cache-control': 'max-age=300',
146 verbose headers   etag: 'W/"59019591-10322"',
146 verbose headers   age: '280',
146 verbose headers   connection: 'keep-alive',
146 verbose headers   'x-served-by': 'cache-lax8621-LAX',
146 verbose headers   'x-cache': 'HIT',
146 verbose headers   'x-cache-hits': '201',
146 verbose headers   'x-timer': 'S1493601594.531125,VS0,VE0',
146 verbose headers   vary: 'Accept-Encoding' }
147 silly get cb [ 304,
147 silly get   { date: 'Mon, 01 May 2017 01:19:53 GMT',
147 silly get     via: '1.1 varnish',
147 silly get     'cache-control': 'max-age=300',
147 silly get     etag: 'W/"59019591-10322"',
147 silly get     age: '280',
147 silly get     connection: 'keep-alive',
147 silly get     'x-served-by': 'cache-lax8621-LAX',
147 silly get     'x-cache': 'HIT',
147 silly get     'x-cache-hits': '201',
147 silly get     'x-timer': 'S1493601594.531125,VS0,VE0',
147 silly get     vary: 'Accept-Encoding' } ]
148 verbose etag https://registry.npmjs.org/commander from cache
149 verbose get saving commander to /Users/yong/.npm/registry.npmjs.org/commander/.cache.json
150 verbose correctMkdir /Users/yong/.npm correctMkdir not in flight; initializing
151 http 200 https://registry.npmjs.org/sorted-object
152 verbose headers { server: 'nginx/1.10.1',
152 verbose headers   'content-type': 'application/json',
152 verbose headers   'last-modified': 'Sat, 10 Sep 2016 23:39:29 GMT',
152 verbose headers   etag: 'W/"57d499b1-1545"',
152 verbose headers   'content-encoding': 'gzip',
152 verbose headers   'cache-control': 'max-age=300',
152 verbose headers   'content-length': '1619',
152 verbose headers   'accept-ranges': 'bytes',
152 verbose headers   date: 'Mon, 01 May 2017 01:19:53 GMT',
152 verbose headers   via: '1.1 varnish',
152 verbose headers   age: '286',
152 verbose headers   connection: 'keep-alive',
152 verbose headers   'x-served-by': 'cache-lax8640-LAX',
152 verbose headers   'x-cache': 'HIT',
152 verbose headers   'x-cache-hits': '1',
152 verbose headers   'x-timer': 'S1493601594.531286,VS0,VE0',
152 verbose headers   vary: 'Accept-Encoding' }
153 silly get cb [ 200,
153 silly get   { server: 'nginx/1.10.1',
153 silly get     'content-type': 'application/json',
153 silly get     'last-modified': 'Sat, 10 Sep 2016 23:39:29 GMT',
153 silly get     etag: 'W/"57d499b1-1545"',
153 silly get     'content-encoding': 'gzip',
153 silly get     'cache-control': 'max-age=300',
153 silly get     'content-length': '1619',
153 silly get     'accept-ranges': 'bytes',
153 silly get     date: 'Mon, 01 May 2017 01:19:53 GMT',
153 silly get     via: '1.1 varnish',
153 silly get     age: '286',
153 silly get     connection: 'keep-alive',
153 silly get     'x-served-by': 'cache-lax8640-LAX',
153 silly get     'x-cache': 'HIT',
153 silly get     'x-cache-hits': '1',
153 silly get     'x-timer': 'S1493601594.531286,VS0,VE0',
153 silly get     vary: 'Accept-Encoding' } ]
154 verbose get saving sorted-object to /Users/yong/.npm/registry.npmjs.org/sorted-object/.cache.json
155 verbose correctMkdir /Users/yong/.npm correctMkdir not in flight; initializing
156 silly resolveWithNewModule sorted-object@2.0.1 checking installable status
157 silly cache add args [ 'sorted-object@2.0.1', null ]
158 verbose cache add spec sorted-object@2.0.1
159 silly cache add parsed spec Result {
159 silly cache add   raw: 'sorted-object@2.0.1',
159 silly cache add   scope: null,
159 silly cache add   escapedName: 'sorted-object',
159 silly cache add   name: 'sorted-object',
159 silly cache add   rawSpec: '2.0.1',
159 silly cache add   spec: '2.0.1',
159 silly cache add   type: 'version' }
160 silly addNamed sorted-object@2.0.1
161 verbose addNamed "2.0.1" is a plain semver version for sorted-object
162 silly mapToRegistry name sorted-object
163 silly mapToRegistry using default registry
164 silly mapToRegistry registry https://registry.npmjs.org/
165 silly mapToRegistry data Result {
165 silly mapToRegistry   raw: 'sorted-object',
165 silly mapToRegistry   scope: null,
165 silly mapToRegistry   escapedName: 'sorted-object',
165 silly mapToRegistry   name: 'sorted-object',
165 silly mapToRegistry   rawSpec: '',
165 silly mapToRegistry   spec: 'latest',
165 silly mapToRegistry   type: 'tag' }
166 silly mapToRegistry uri https://registry.npmjs.org/sorted-object
167 verbose addNameVersion registry:https://registry.npmjs.org/sorted-object not in flight; fetching
168 verbose get https://registry.npmjs.org/sorted-object not expired, no request
169 silly mapToRegistry name sorted-object
170 silly mapToRegistry using default registry
171 silly mapToRegistry registry https://registry.npmjs.org/
172 silly mapToRegistry data Result {
172 silly mapToRegistry   raw: 'sorted-object',
172 silly mapToRegistry   scope: null,
172 silly mapToRegistry   escapedName: 'sorted-object',
172 silly mapToRegistry   name: 'sorted-object',
172 silly mapToRegistry   rawSpec: '',
172 silly mapToRegistry   spec: 'latest',
172 silly mapToRegistry   type: 'tag' }
173 silly mapToRegistry uri https://registry.npmjs.org/sorted-object
174 verbose addRemoteTarball https://registry.npmjs.org/sorted-object/-/sorted-object-2.0.1.tgz not in flight; adding
175 verbose addRemoteTarball [ 'https://registry.npmjs.org/sorted-object/-/sorted-object-2.0.1.tgz',
175 verbose addRemoteTarball   '7d631f4bd3a798a24af1dffcfbfe83337a5df5fc' ]
176 info retry fetch attempt 1 at 10:19:53 AM
177 info attempt registry request try #1 at 10:19:53 AM
178 http fetch GET https://registry.npmjs.org/sorted-object/-/sorted-object-2.0.1.tgz
179 silly resolveWithNewModule commander@2.9.0 checking installable status
180 silly cache add args [ 'commander@2.9.0', null ]
181 verbose cache add spec commander@2.9.0
182 silly cache add parsed spec Result {
182 silly cache add   raw: 'commander@2.9.0',
182 silly cache add   scope: null,
182 silly cache add   escapedName: 'commander',
182 silly cache add   name: 'commander',
182 silly cache add   rawSpec: '2.9.0',
182 silly cache add   spec: '2.9.0',
182 silly cache add   type: 'version' }
183 silly addNamed commander@2.9.0
184 verbose addNamed "2.9.0" is a plain semver version for commander
185 silly mapToRegistry name commander
186 silly mapToRegistry using default registry
187 silly mapToRegistry registry https://registry.npmjs.org/
188 silly mapToRegistry data Result {
188 silly mapToRegistry   raw: 'commander',
188 silly mapToRegistry   scope: null,
188 silly mapToRegistry   escapedName: 'commander',
188 silly mapToRegistry   name: 'commander',
188 silly mapToRegistry   rawSpec: '',
188 silly mapToRegistry   spec: 'latest',
188 silly mapToRegistry   type: 'tag' }
189 silly mapToRegistry uri https://registry.npmjs.org/commander
190 verbose addNameVersion registry:https://registry.npmjs.org/commander not in flight; fetching
191 verbose get https://registry.npmjs.org/commander not expired, no request
192 silly mapToRegistry name commander
193 silly mapToRegistry using default registry
194 silly mapToRegistry registry https://registry.npmjs.org/
195 silly mapToRegistry data Result {
195 silly mapToRegistry   raw: 'commander',
195 silly mapToRegistry   scope: null,
195 silly mapToRegistry   escapedName: 'commander',
195 silly mapToRegistry   name: 'commander',
195 silly mapToRegistry   rawSpec: '',
195 silly mapToRegistry   spec: 'latest',
195 silly mapToRegistry   type: 'tag' }
196 silly mapToRegistry uri https://registry.npmjs.org/commander
197 verbose addRemoteTarball https://registry.npmjs.org/commander/-/commander-2.9.0.tgz not in flight; adding
198 verbose addRemoteTarball [ 'https://registry.npmjs.org/commander/-/commander-2.9.0.tgz',
198 verbose addRemoteTarball   '9c99094176e12240cb22d6c5146098400fe0f7d4' ]
199 info retry fetch attempt 1 at 10:19:53 AM
200 info attempt registry request try #1 at 10:19:53 AM
201 http fetch GET https://registry.npmjs.org/commander/-/commander-2.9.0.tgz
202 http 304 https://registry.npmjs.org/mkdirp
203 verbose headers { date: 'Mon, 01 May 2017 01:19:53 GMT',
203 verbose headers   via: '1.1 varnish',
203 verbose headers   'cache-control': 'max-age=300',
203 verbose headers   etag: 'W/"5903ef53-6370"',
203 verbose headers   age: '207',
203 verbose headers   connection: 'keep-alive',
203 verbose headers   'x-served-by': 'cache-lax8634-LAX',
203 verbose headers   'x-cache': 'HIT',
203 verbose headers   'x-cache-hits': '3',
203 verbose headers   'x-timer': 'S1493601594.555992,VS0,VE0',
203 verbose headers   vary: 'Accept-Encoding' }
204 silly get cb [ 304,
204 silly get   { date: 'Mon, 01 May 2017 01:19:53 GMT',
204 silly get     via: '1.1 varnish',
204 silly get     'cache-control': 'max-age=300',
204 silly get     etag: 'W/"5903ef53-6370"',
204 silly get     age: '207',
204 silly get     connection: 'keep-alive',
204 silly get     'x-served-by': 'cache-lax8634-LAX',
204 silly get     'x-cache': 'HIT',
204 silly get     'x-cache-hits': '3',
204 silly get     'x-timer': 'S1493601594.555992,VS0,VE0',
204 silly get     vary: 'Accept-Encoding' } ]
205 verbose etag https://registry.npmjs.org/mkdirp from cache
206 verbose get saving mkdirp to /Users/yong/.npm/registry.npmjs.org/mkdirp/.cache.json
207 verbose correctMkdir /Users/yong/.npm correctMkdir not in flight; initializing
208 silly resolveWithNewModule mkdirp@0.5.1 checking installable status
209 silly cache add args [ 'mkdirp@0.5.1', null ]
210 verbose cache add spec mkdirp@0.5.1
211 silly cache add parsed spec Result {
211 silly cache add   raw: 'mkdirp@0.5.1',
211 silly cache add   scope: null,
211 silly cache add   escapedName: 'mkdirp',
211 silly cache add   name: 'mkdirp',
211 silly cache add   rawSpec: '0.5.1',
211 silly cache add   spec: '0.5.1',
211 silly cache add   type: 'version' }
212 silly addNamed mkdirp@0.5.1
213 verbose addNamed "0.5.1" is a plain semver version for mkdirp
214 silly mapToRegistry name mkdirp
215 silly mapToRegistry using default registry
216 silly mapToRegistry registry https://registry.npmjs.org/
217 silly mapToRegistry data Result {
217 silly mapToRegistry   raw: 'mkdirp',
217 silly mapToRegistry   scope: null,
217 silly mapToRegistry   escapedName: 'mkdirp',
217 silly mapToRegistry   name: 'mkdirp',
217 silly mapToRegistry   rawSpec: '',
217 silly mapToRegistry   spec: 'latest',
217 silly mapToRegistry   type: 'tag' }
218 silly mapToRegistry uri https://registry.npmjs.org/mkdirp
219 verbose addNameVersion registry:https://registry.npmjs.org/mkdirp not in flight; fetching
220 verbose get https://registry.npmjs.org/mkdirp not expired, no request
221 silly cache afterAdd mkdirp@0.5.1
222 verbose afterAdd /Users/yong/.npm/mkdirp/0.5.1/package/package.json not in flight; writing
223 verbose correctMkdir /Users/yong/.npm correctMkdir not in flight; initializing
224 verbose afterAdd /Users/yong/.npm/mkdirp/0.5.1/package/package.json written
225 silly fetchAndShaCheck shasum 479636bfa3fe3b1debd52087f0acb204b4f19c88
226 verbose addTmpTarball /tmp/npm-20269-b621a322/registry.npmjs.org/ejs/-/ejs-2.5.6.tgz not in flight; adding
227 verbose addTmpTarball already have metadata; skipping unpack for ejs@2.5.6
228 verbose correctMkdir /Users/yong/.npm correctMkdir not in flight; initializing
229 silly cache afterAdd ejs@2.5.6
230 verbose afterAdd /Users/yong/.npm/ejs/2.5.6/package/package.json not in flight; writing
231 verbose correctMkdir /Users/yong/.npm correctMkdir not in flight; initializing
232 verbose afterAdd /Users/yong/.npm/ejs/2.5.6/package/package.json written
233 http fetch 200 https://registry.npmjs.org/sorted-object/-/sorted-object-2.0.1.tgz
234 silly fetchAndShaCheck shasum 7d631f4bd3a798a24af1dffcfbfe83337a5df5fc
235 verbose addTmpTarball /tmp/npm-20269-b621a322/registry.npmjs.org/sorted-object/-/sorted-object-2.0.1.tgz not in flight; adding
236 verbose addTmpTarball already have metadata; skipping unpack for sorted-object@2.0.1
237 verbose correctMkdir /Users/yong/.npm correctMkdir not in flight; initializing
238 silly cache afterAdd sorted-object@2.0.1
239 verbose afterAdd /Users/yong/.npm/sorted-object/2.0.1/package/package.json not in flight; writing
240 verbose correctMkdir /Users/yong/.npm correctMkdir not in flight; initializing
241 http fetch 200 https://registry.npmjs.org/commander/-/commander-2.9.0.tgz
242 silly fetchAndShaCheck shasum 9c99094176e12240cb22d6c5146098400fe0f7d4
243 verbose afterAdd /Users/yong/.npm/sorted-object/2.0.1/package/package.json written
244 verbose addTmpTarball /tmp/npm-20269-b621a322/registry.npmjs.org/commander/-/commander-2.9.0.tgz not in flight; adding
245 verbose addTmpTarball already have metadata; skipping unpack for commander@2.9.0
246 verbose correctMkdir /Users/yong/.npm correctMkdir not in flight; initializing
247 silly cache afterAdd commander@2.9.0
248 verbose afterAdd /Users/yong/.npm/commander/2.9.0/package/package.json not in flight; writing
249 verbose correctMkdir /Users/yong/.npm correctMkdir not in flight; initializing
250 verbose afterAdd /Users/yong/.npm/commander/2.9.0/package/package.json written
251 silly fetchNamedPackageData graceful-readlink
252 silly mapToRegistry name graceful-readlink
253 silly mapToRegistry using default registry
254 silly mapToRegistry registry https://registry.npmjs.org/
255 silly mapToRegistry data Result {
255 silly mapToRegistry   raw: 'graceful-readlink',
255 silly mapToRegistry   scope: null,
255 silly mapToRegistry   escapedName: 'graceful-readlink',
255 silly mapToRegistry   name: 'graceful-readlink',
255 silly mapToRegistry   rawSpec: '',
255 silly mapToRegistry   spec: 'latest',
255 silly mapToRegistry   type: 'tag' }
256 silly mapToRegistry uri https://registry.npmjs.org/graceful-readlink
257 verbose request uri https://registry.npmjs.org/graceful-readlink
258 verbose request no auth needed
259 info attempt registry request try #1 at 10:19:53 AM
260 verbose etag W/"585ef90e-c1b"
261 verbose lastModified Sat, 24 Dec 2016 22:39:10 GMT
262 http request GET https://registry.npmjs.org/graceful-readlink
263 http 304 https://registry.npmjs.org/graceful-readlink
264 verbose headers { date: 'Mon, 01 May 2017 01:19:53 GMT',
264 verbose headers   via: '1.1 varnish',
264 verbose headers   'cache-control': 'max-age=300',
264 verbose headers   etag: 'W/"585ef90e-c1b"',
264 verbose headers   age: '271',
264 verbose headers   connection: 'keep-alive',
264 verbose headers   'x-served-by': 'cache-lax8634-LAX',
264 verbose headers   'x-cache': 'HIT',
264 verbose headers   'x-cache-hits': '2',
264 verbose headers   'x-timer': 'S1493601594.870210,VS0,VE0',
264 verbose headers   vary: 'Accept-Encoding' }
265 silly get cb [ 304,
265 silly get   { date: 'Mon, 01 May 2017 01:19:53 GMT',
265 silly get     via: '1.1 varnish',
265 silly get     'cache-control': 'max-age=300',
265 silly get     etag: 'W/"585ef90e-c1b"',
265 silly get     age: '271',
265 silly get     connection: 'keep-alive',
265 silly get     'x-served-by': 'cache-lax8634-LAX',
265 silly get     'x-cache': 'HIT',
265 silly get     'x-cache-hits': '2',
265 silly get     'x-timer': 'S1493601594.870210,VS0,VE0',
265 silly get     vary: 'Accept-Encoding' } ]
266 verbose etag https://registry.npmjs.org/graceful-readlink from cache
267 verbose get saving graceful-readlink to /Users/yong/.npm/registry.npmjs.org/graceful-readlink/.cache.json
268 verbose correctMkdir /Users/yong/.npm correctMkdir not in flight; initializing
269 silly resolveWithNewModule graceful-readlink@1.0.1 checking installable status
270 silly cache add args [ 'graceful-readlink@>= 1.0.0', null ]
271 verbose cache add spec graceful-readlink@>= 1.0.0
272 silly cache add parsed spec Result {
272 silly cache add   raw: 'graceful-readlink@>= 1.0.0',
272 silly cache add   scope: null,
272 silly cache add   escapedName: 'graceful-readlink',
272 silly cache add   name: 'graceful-readlink',
272 silly cache add   rawSpec: '>= 1.0.0',
272 silly cache add   spec: '>=1.0.0',
272 silly cache add   type: 'range' }
273 silly addNamed graceful-readlink@>=1.0.0
274 verbose addNamed ">=1.0.0" is a valid semver range for graceful-readlink
275 silly addNameRange { name: 'graceful-readlink', range: '>=1.0.0', hasData: false }
276 silly mapToRegistry name graceful-readlink
277 silly mapToRegistry using default registry
278 silly mapToRegistry registry https://registry.npmjs.org/
279 silly mapToRegistry data Result {
279 silly mapToRegistry   raw: 'graceful-readlink',
279 silly mapToRegistry   scope: null,
279 silly mapToRegistry   escapedName: 'graceful-readlink',
279 silly mapToRegistry   name: 'graceful-readlink',
279 silly mapToRegistry   rawSpec: '',
279 silly mapToRegistry   spec: 'latest',
279 silly mapToRegistry   type: 'tag' }
280 silly mapToRegistry uri https://registry.npmjs.org/graceful-readlink
281 verbose addNameRange registry:https://registry.npmjs.org/graceful-readlink not in flight; fetching
282 verbose get https://registry.npmjs.org/graceful-readlink not expired, no request
283 silly addNameRange number 2 { name: 'graceful-readlink', range: '>=1.0.0', hasData: true }
284 silly addNameRange versions [ 'graceful-readlink', [ '1.0.0', '1.0.1' ] ]
285 silly addNamed graceful-readlink@1.0.1
286 verbose addNamed "1.0.1" is a plain semver version for graceful-readlink
287 silly cache afterAdd graceful-readlink@1.0.1
288 verbose afterAdd /Users/yong/.npm/graceful-readlink/1.0.1/package/package.json not in flight; writing
289 verbose correctMkdir /Users/yong/.npm correctMkdir not in flight; initializing
290 verbose afterAdd /Users/yong/.npm/graceful-readlink/1.0.1/package/package.json written
291 silly fetchNamedPackageData minimist
292 silly mapToRegistry name minimist
293 silly mapToRegistry using default registry
294 silly mapToRegistry registry https://registry.npmjs.org/
295 silly mapToRegistry data Result {
295 silly mapToRegistry   raw: 'minimist',
295 silly mapToRegistry   scope: null,
295 silly mapToRegistry   escapedName: 'minimist',
295 silly mapToRegistry   name: 'minimist',
295 silly mapToRegistry   rawSpec: '',
295 silly mapToRegistry   spec: 'latest',
295 silly mapToRegistry   type: 'tag' }
296 silly mapToRegistry uri https://registry.npmjs.org/minimist
297 verbose request uri https://registry.npmjs.org/minimist
298 verbose request no auth needed
299 info attempt registry request try #1 at 10:19:53 AM
300 verbose etag W/"5903035d-7548"
301 verbose lastModified Fri, 28 Apr 2017 08:54:53 GMT
302 http request GET https://registry.npmjs.org/minimist
303 http 304 https://registry.npmjs.org/minimist
304 verbose headers { date: 'Mon, 01 May 2017 01:19:54 GMT',
304 verbose headers   via: '1.1 varnish',
304 verbose headers   'cache-control': 'max-age=300',
304 verbose headers   etag: 'W/"5903035d-7548"',
304 verbose headers   age: '25',
304 verbose headers   connection: 'keep-alive',
304 verbose headers   'x-served-by': 'cache-lax8644-LAX',
304 verbose headers   'x-cache': 'HIT',
304 verbose headers   'x-cache-hits': '1',
304 verbose headers   'x-timer': 'S1493601594.047485,VS0,VE1',
304 verbose headers   vary: 'Accept-Encoding' }
305 silly get cb [ 304,
305 silly get   { date: 'Mon, 01 May 2017 01:19:54 GMT',
305 silly get     via: '1.1 varnish',
305 silly get     'cache-control': 'max-age=300',
305 silly get     etag: 'W/"5903035d-7548"',
305 silly get     age: '25',
305 silly get     connection: 'keep-alive',
305 silly get     'x-served-by': 'cache-lax8644-LAX',
305 silly get     'x-cache': 'HIT',
305 silly get     'x-cache-hits': '1',
305 silly get     'x-timer': 'S1493601594.047485,VS0,VE1',
305 silly get     vary: 'Accept-Encoding' } ]
306 verbose etag https://registry.npmjs.org/minimist from cache
307 verbose get saving minimist to /Users/yong/.npm/registry.npmjs.org/minimist/.cache.json
308 verbose correctMkdir /Users/yong/.npm correctMkdir not in flight; initializing
309 silly resolveWithNewModule minimist@0.0.8 checking installable status
310 silly cache add args [ 'minimist@0.0.8', null ]
311 verbose cache add spec minimist@0.0.8
312 silly cache add parsed spec Result {
312 silly cache add   raw: 'minimist@0.0.8',
312 silly cache add   scope: null,
312 silly cache add   escapedName: 'minimist',
312 silly cache add   name: 'minimist',
312 silly cache add   rawSpec: '0.0.8',
312 silly cache add   spec: '0.0.8',
312 silly cache add   type: 'version' }
313 silly addNamed minimist@0.0.8
314 verbose addNamed "0.0.8" is a plain semver version for minimist
315 silly mapToRegistry name minimist
316 silly mapToRegistry using default registry
317 silly mapToRegistry registry https://registry.npmjs.org/
318 silly mapToRegistry data Result {
318 silly mapToRegistry   raw: 'minimist',
318 silly mapToRegistry   scope: null,
318 silly mapToRegistry   escapedName: 'minimist',
318 silly mapToRegistry   name: 'minimist',
318 silly mapToRegistry   rawSpec: '',
318 silly mapToRegistry   spec: 'latest',
318 silly mapToRegistry   type: 'tag' }
319 silly mapToRegistry uri https://registry.npmjs.org/minimist
320 verbose addNameVersion registry:https://registry.npmjs.org/minimist not in flight; fetching
321 verbose get https://registry.npmjs.org/minimist not expired, no request
322 silly cache afterAdd minimist@0.0.8
323 verbose afterAdd /Users/yong/.npm/minimist/0.0.8/package/package.json not in flight; writing
324 verbose correctMkdir /Users/yong/.npm correctMkdir not in flight; initializing
325 verbose afterAdd /Users/yong/.npm/minimist/0.0.8/package/package.json written
326 silly loadAllDepsIntoIdealTree Finishing
327 silly loadIdealTree Finishing
328 silly currentTree lib
328 silly currentTree `-- express-generator@4.15.0
328 silly currentTree   +-- commander@2.9.0
328 silly currentTree   +-- ejs@2.5.6
328 silly currentTree   +-- graceful-readlink@1.0.1
328 silly currentTree   +-- minimist@0.0.8
328 silly currentTree   +-- mkdirp@0.5.1
328 silly currentTree   `-- sorted-object@2.0.1
329 silly idealTree lib
329 silly idealTree `-- express-generator@4.15.0
329 silly idealTree   +-- commander@2.9.0
329 silly idealTree   +-- ejs@2.5.6
329 silly idealTree   +-- graceful-readlink@1.0.1
329 silly idealTree   +-- minimist@0.0.8
329 silly idealTree   +-- mkdirp@0.5.1
329 silly idealTree   `-- sorted-object@2.0.1
330 silly generateActionsToTake Starting
331 silly install generateActionsToTake
332 warn checkPermissions Missing write access to /usr/local/lib/node_modules/express-generator
333 silly rollbackFailedOptional Starting
334 silly rollbackFailedOptional Finishing
335 silly runTopLevelLifecycles Finishing
336 silly install printInstalled
337 verbose stack Error: EACCES: permission denied, access '/usr/local/lib/node_modules/express-generator'
337 verbose stack     at Error (native)
338 verbose cwd /Users/yong/Documents/Workspace/LetsGoOrderAPI
339 error Darwin 16.5.0
340 error argv "/usr/local/bin/node" "/usr/local/bin/npm" "install" "express-generator" "-g"
341 error node v6.10.2
342 error npm  v3.10.10
343 error path /usr/local/lib/node_modules/express-generator
344 error code EACCES
345 error errno -13
346 error syscall access
347 error Error: EACCES: permission denied, access '/usr/local/lib/node_modules/express-generator'
347 error     at Error (native)
347 error  { Error: EACCES: permission denied, access '/usr/local/lib/node_modules/express-generator'
347 error     at Error (native)
347 error   errno: -13,
347 error   code: 'EACCES',
347 error   syscall: 'access',
347 error   path: '/usr/local/lib/node_modules/express-generator' }
348 error Please try running this command again as root/Administrator.
349 verbose exit [ -13, true ]
